17:34 c.e.o.OrdersystemApplication-Starting OrdersystemApplication using Java 11.0.22 on LAPTOP-SADFV6I6 with PID 6148 (C:\Users\Playdata\Desktop\BootCamp\ordersystem\build\classes\java\main started by Playdata in C:\Users\Playdata\Desktop\BootCamp\ordersystem)
17:34 c.e.o.OrdersystemApplication-The following 1 profile is active: "local"
17:34 o.s.d.r.c.RepositoryConfigurationDelegate-Multiple Spring Data modules found, entering strict repository configuration mode
17:34 o.s.d.r.c.RepositoryConfigurationDelegate-Bootstrapping Spring Data JPA repositories in DEFAULT mode.
17:34 o.s.d.r.c.RepositoryConfigurationDelegate-Finished Spring Data repository scanning in 10 ms. Found 0 JPA repository interfaces.
17:34 o.s.d.r.c.RepositoryConfigurationDelegate-Multiple Spring Data modules found, entering strict repository configuration mode
17:34 o.s.d.r.c.RepositoryConfigurationDelegate-Bootstrapping Spring Data Redis repositories in DEFAULT mode.
17:34 o.s.d.r.c.RepositoryConfigurationDelegate-Finished Spring Data repository scanning in 6 ms. Found 0 Redis repository interfaces.
17:34 o.s.b.w.e.tomcat.TomcatWebServer-Tomcat initialized with port(s): 8080 (http)
17:34 o.a.coyote.http11.Http11NioProtocol-Initializing ProtocolHandler ["http-nio-8080"]
17:34 o.a.catalina.core.StandardService-Starting service [Tomcat]
17:34 o.a.catalina.core.StandardEngine-Starting Servlet engine: [Apache Tomcat/9.0.74]
17:34 o.a.c.c.C.[Tomcat].[localhost].[/]-Initializing Spring embedded WebApplicationContext
17:34 o.s.b.w.s.c.ServletWebServerApplicationContext-Root WebApplicationContext: initialization completed in 958 ms
17:34 o.h.jpa.internal.util.LogHelper-HHH000204: Processing PersistenceUnitInfo [name: default]
17:34 org.hibernate.Version-HHH000412: Hibernate ORM core version 5.6.15.Final
17:34 o.h.annotations.common.Version-HCANN000001: Hibernate Commons Annotations {5.1.2.Final}
17:34 com.zaxxer.hikari.HikariDataSource-HikariPool-1 - Starting...
17:34 com.zaxxer.hikari.HikariDataSource-HikariPool-1 - Start completed.
17:34 org.hibernate.dialect.Dialect-HHH000400: Using dialect: org.hibernate.dialect.MariaDBDialect
17:34 o.h.e.t.j.p.i.JtaPlatformInitiator-HHH000490: Using JtaPlatform implementation: [org.hibernate.engine.transaction.jta.platform.internal.NoJtaPlatform]
17:34 o.s.o.j.LocalContainerEntityManagerFactoryBean-Initialized JPA EntityManagerFactory for persistence unit 'default'
17:34 o.s.b.a.o.j.JpaBaseConfiguration$JpaWebConfiguration-spring.jpa.open-in-view is enabled by default. Therefore, database queries may be performed during view rendering. Explicitly configure spring.jpa.open-in-view to disable this warning
17:34 o.a.coyote.http11.Http11NioProtocol-Starting ProtocolHandler ["http-nio-8080"]
17:34 o.s.b.w.e.tomcat.TomcatWebServer-Tomcat started on port(s): 8080 (http) with context path ''
17:34 c.e.o.OrdersystemApplication-Started OrdersystemApplication in 2.745 seconds (JVM running for 4.071)
17:35 o.s.o.j.LocalContainerEntityManagerFactoryBean-Closing JPA EntityManagerFactory for persistence unit 'default'
17:35 com.zaxxer.hikari.HikariDataSource-HikariPool-1 - Shutdown initiated...
17:35 com.zaxxer.hikari.HikariDataSource-HikariPool-1 - Shutdown completed.
